  grafo.c
C:\Users\nunin\OneDrive\Ambiente de Trabalho\Git\Eda\Estruturas\Estruturas\grafo.h(3,10): warning C4067: tokens inesperados após diretiva de pré-processador - esperado um newline
C:\Users\nunin\OneDrive\Ambiente de Trabalho\Git\Eda\Estruturas\Estruturas\grafo.c(13,15): warning C4101: 'adj': variável local não referenciada
C:\Users\nunin\OneDrive\Ambiente de Trabalho\Git\Eda\Estruturas\Estruturas\grafo.c(107,39): warning C4133: '=': tipos incompatíveis - de 'Clientes' para 'Meios'
C:\Users\nunin\OneDrive\Ambiente de Trabalho\Git\Eda\Estruturas\Estruturas\grafo.c(201,28): warning C4047: 'return': 'char' difere em níveis de indireção de 'char *'
C:\Users\nunin\OneDrive\Ambiente de Trabalho\Git\Eda\Estruturas\Estruturas\grafo.c(206,28): warning C4047: 'return': 'char' difere em níveis de indireção de 'char *'
C:\Users\nunin\OneDrive\Ambiente de Trabalho\Git\Eda\Estruturas\Estruturas\grafo.c(211,28): warning C4047: 'return': 'char' difere em níveis de indireção de 'char *'
C:\Users\nunin\OneDrive\Ambiente de Trabalho\Git\Eda\Estruturas\Estruturas\grafo.c(216,28): warning C4047: 'return': 'char' difere em níveis de indireção de 'char *'
C:\Users\nunin\OneDrive\Ambiente de Trabalho\Git\Eda\Estruturas\Estruturas\grafo.c(221,28): warning C4047: 'return': 'char' difere em níveis de indireção de 'char *'
C:\Users\nunin\OneDrive\Ambiente de Trabalho\Git\Eda\Estruturas\Estruturas\grafo.c(226,28): warning C4047: 'return': 'char' difere em níveis de indireção de 'char *'
C:\Users\nunin\OneDrive\Ambiente de Trabalho\Git\Eda\Estruturas\Estruturas\grafo.c(231,28): warning C4047: 'return': 'char' difere em níveis de indireção de 'char *'
C:\Users\nunin\OneDrive\Ambiente de Trabalho\Git\Eda\Estruturas\Estruturas\grafo.c(236,28): warning C4047: 'return': 'char' difere em níveis de indireção de 'char *'
C:\Users\nunin\OneDrive\Ambiente de Trabalho\Git\Eda\Estruturas\Estruturas\grafo.c(241,28): warning C4047: 'return': 'char' difere em níveis de indireção de 'char *'
C:\Users\nunin\OneDrive\Ambiente de Trabalho\Git\Eda\Estruturas\Estruturas\grafo.c(255,28): warning C4047: 'return': 'char' difere em níveis de indireção de 'char *'
C:\Users\nunin\OneDrive\Ambiente de Trabalho\Git\Eda\Estruturas\Estruturas\grafo.c(260,28): warning C4047: 'return': 'char' difere em níveis de indireção de 'char *'
C:\Users\nunin\OneDrive\Ambiente de Trabalho\Git\Eda\Estruturas\Estruturas\grafo.c(265,28): warning C4047: 'return': 'char' difere em níveis de indireção de 'char *'
C:\Users\nunin\OneDrive\Ambiente de Trabalho\Git\Eda\Estruturas\Estruturas\grafo.c(270,28): warning C4047: 'return': 'char' difere em níveis de indireção de 'char *'
C:\Users\nunin\OneDrive\Ambiente de Trabalho\Git\Eda\Estruturas\Estruturas\grafo.c(275,28): warning C4047: 'return': 'char' difere em níveis de indireção de 'char *'
C:\Users\nunin\OneDrive\Ambiente de Trabalho\Git\Eda\Estruturas\Estruturas\grafo.c(280,28): warning C4047: 'return': 'char' difere em níveis de indireção de 'char *'
C:\Users\nunin\OneDrive\Ambiente de Trabalho\Git\Eda\Estruturas\Estruturas\grafo.c(285,28): warning C4047: 'return': 'char' difere em níveis de indireção de 'char *'
C:\Users\nunin\OneDrive\Ambiente de Trabalho\Git\Eda\Estruturas\Estruturas\grafo.c(290,28): warning C4047: 'return': 'char' difere em níveis de indireção de 'char *'
C:\Users\nunin\OneDrive\Ambiente de Trabalho\Git\Eda\Estruturas\Estruturas\grafo.c(295,28): warning C4047: 'return': 'char' difere em níveis de indireção de 'char *'
C:\Users\nunin\OneDrive\Ambiente de Trabalho\Git\Eda\Estruturas\Estruturas\grafo.c(375,36): warning C4047: 'função': 'Grafo *' difere em níveis de indireção de 'Grafo **'
C:\Users\nunin\OneDrive\Ambiente de Trabalho\Git\Eda\Estruturas\Estruturas\grafo.c(375,30): warning C4024: 'criarVertice': tipos diferentes para parâmetro formal e real 1
C:\Users\nunin\OneDrive\Ambiente de Trabalho\Git\Eda\Estruturas\Estruturas\grafo.c(379,41): warning C4047: 'função': 'Grafo' difere em níveis de indireção de 'Grafo *'
C:\Users\nunin\OneDrive\Ambiente de Trabalho\Git\Eda\Estruturas\Estruturas\grafo.c(379,36): warning C4024: 'existeVertice2': tipos diferentes para parâmetro formal e real 1
C:\Users\nunin\OneDrive\Ambiente de Trabalho\Git\Eda\Estruturas\Estruturas\grafo.c(381,45): warning C4047: 'função': 'Grafo' difere em níveis de indireção de 'Grafo *'
C:\Users\nunin\OneDrive\Ambiente de Trabalho\Git\Eda\Estruturas\Estruturas\grafo.c(381,40): warning C4024: 'existeVertice2': tipos diferentes para parâmetro formal e real 1
C:\Users\nunin\OneDrive\Ambiente de Trabalho\Git\Eda\Estruturas\Estruturas\grafo.c(383,42): warning C4047: 'função': 'Grafo' difere em níveis de indireção de 'Grafo *'
C:\Users\nunin\OneDrive\Ambiente de Trabalho\Git\Eda\Estruturas\Estruturas\grafo.c(383,37): warning C4024: 'criarAresta': tipos diferentes para parâmetro formal e real 1
C:\Users\nunin\OneDrive\Ambiente de Trabalho\Git\Eda\Estruturas\Estruturas\grafo.c(387,44): warning C4047: 'função': 'Grafo *' difere em níveis de indireção de 'Grafo **'
C:\Users\nunin\OneDrive\Ambiente de Trabalho\Git\Eda\Estruturas\Estruturas\grafo.c(387,38): warning C4024: 'criarVertice': tipos diferentes para parâmetro formal e real 1
C:\Users\nunin\OneDrive\Ambiente de Trabalho\Git\Eda\Estruturas\Estruturas\grafo.c(388,42): warning C4047: 'função': 'Grafo' difere em níveis de indireção de 'Grafo *'
C:\Users\nunin\OneDrive\Ambiente de Trabalho\Git\Eda\Estruturas\Estruturas\grafo.c(388,37): warning C4024: 'criarAresta': tipos diferentes para parâmetro formal e real 1
C:\Users\nunin\OneDrive\Ambiente de Trabalho\Git\Eda\Estruturas\Estruturas\grafo.c(393,45): warning C4047: 'função': 'Grafo' difere em níveis de indireção de 'Grafo *'
C:\Users\nunin\OneDrive\Ambiente de Trabalho\Git\Eda\Estruturas\Estruturas\grafo.c(393,40): warning C4024: 'existeVertice2': tipos diferentes para parâmetro formal e real 1
C:\Users\nunin\OneDrive\Ambiente de Trabalho\Git\Eda\Estruturas\Estruturas\grafo.c(395,44): warning C4047: 'função': 'Grafo *' difere em níveis de indireção de 'Grafo **'
C:\Users\nunin\OneDrive\Ambiente de Trabalho\Git\Eda\Estruturas\Estruturas\grafo.c(395,38): warning C4024: 'criarVertice': tipos diferentes para parâmetro formal e real 1
C:\Users\nunin\OneDrive\Ambiente de Trabalho\Git\Eda\Estruturas\Estruturas\grafo.c(396,42): warning C4047: 'função': 'Grafo' difere em níveis de indireção de 'Grafo *'
C:\Users\nunin\OneDrive\Ambiente de Trabalho\Git\Eda\Estruturas\Estruturas\grafo.c(396,37): warning C4024: 'criarAresta': tipos diferentes para parâmetro formal e real 1
C:\Users\nunin\OneDrive\Ambiente de Trabalho\Git\Eda\Estruturas\Estruturas\grafo.c(400,44): warning C4047: 'função': 'Grafo *' difere em níveis de indireção de 'Grafo **'
C:\Users\nunin\OneDrive\Ambiente de Trabalho\Git\Eda\Estruturas\Estruturas\grafo.c(400,38): warning C4024: 'criarVertice': tipos diferentes para parâmetro formal e real 1
C:\Users\nunin\OneDrive\Ambiente de Trabalho\Git\Eda\Estruturas\Estruturas\grafo.c(401,44): warning C4047: 'função': 'Grafo *' difere em níveis de indireção de 'Grafo **'
C:\Users\nunin\OneDrive\Ambiente de Trabalho\Git\Eda\Estruturas\Estruturas\grafo.c(401,38): warning C4024: 'criarVertice': tipos diferentes para parâmetro formal e real 1
C:\Users\nunin\OneDrive\Ambiente de Trabalho\Git\Eda\Estruturas\Estruturas\grafo.c(402,42): warning C4047: 'função': 'Grafo' difere em níveis de indireção de 'Grafo *'
C:\Users\nunin\OneDrive\Ambiente de Trabalho\Git\Eda\Estruturas\Estruturas\grafo.c(402,37): warning C4024: 'criarAresta': tipos diferentes para parâmetro formal e real 1
C:\Users\nunin\OneDrive\Ambiente de Trabalho\Git\Eda\Estruturas\Estruturas\grafo.c(487,14): warning C4047: 'return': 'Grafo *' difere em níveis de indireção de 'Grafo'
C:\Users\nunin\OneDrive\Ambiente de Trabalho\Git\Eda\Estruturas\Estruturas\grafo.c(91): warning C4715: 'inserirMeio': nem todos os caminhos de controle retornam um valor
C:\Users\nunin\OneDrive\Ambiente de Trabalho\Git\Eda\Estruturas\Estruturas\grafo.c(56): warning C4715: 'criarAresta': nem todos os caminhos de controle retornam um valor
C:\Users\nunin\OneDrive\Ambiente de Trabalho\Git\Eda\Estruturas\Estruturas\grafo.c(27): warning C4715: 'criarVertice': nem todos os caminhos de controle retornam um valor
C:\Users\nunin\OneDrive\Ambiente de Trabalho\Git\Eda\Estruturas\Estruturas\grafo.c(119): warning C4715: 'InserirClientes': nem todos os caminhos de controle retornam um valor
C:\Users\nunin\OneDrive\Ambiente de Trabalho\Git\Eda\Estruturas\Estruturas\grafo.c(194): warning C4715: 'existeVertice': nem todos os caminhos de controle retornam um valor
C:\Users\nunin\OneDrive\Ambiente de Trabalho\Git\Eda\Estruturas\Estruturas\grafo.c(301): warning C4715: 'obtergeocodigo': nem todos os caminhos de controle retornam um valor
  Estruturas.vcxproj -> C:\Users\nunin\OneDrive\Ambiente de Trabalho\Git\Eda\Estruturas\x64\Debug\Estruturas.exe
